[2024-06-20 10:10:58 [32mINFO [0;39m http-nio-8080-exec-1] [org.apache.catalina.core.ContainerBase.[Tomcat].[localhost].[/]] [36mInitializing Spring DispatcherServlet 'dispatcherServlet'[0;39m
[2024-06-20 10:10:58 [32mINFO [0;39m http-nio-8080-exec-1] [org.springframework.web.servlet.DispatcherServlet] [36mInitializing Servlet 'dispatcherServlet'[0;39m
[2024-06-20 10:10:58 [32mINFO [0;39m http-nio-8080-exec-1] [org.springframework.web.servlet.DispatcherServlet] [36mCompleted initialization in 2 ms[0;39m
[2024-06-20 10:10:58 [32mINFO [0;39m http-nio-8080-exec-7] [org.springdoc.api.AbstractOpenApiResource] [36mInit duration for springdoc-openapi is: 175 ms[0;39m
[2024-06-20 10:20:14 [32mINFO [0;39m SpringApplicationShutdownHook] [org.springframework.orm.jpa.LocalContainerEntityManagerFactoryBean] [36mClosing JPA EntityManagerFactory for persistence unit 'default'[0;39m
[2024-06-20 10:20:14 [32mINFO [0;39m SpringApplicationShutdownHook] [com.zaxxer.hikari.HikariDataSource] [36mHikariPool-2 - Shutdown initiated...[0;39m
[2024-06-20 10:20:14 [32mINFO [0;39m SpringApplicationShutdownHook] [com.zaxxer.hikari.HikariDataSource] [36mHikariPool-2 - Shutdown completed.[0;39m
[2024-06-20 10:21:46 [32mINFO [0;39m restartedMain] [com.green.todo.TodoApplication] [36mStarting TodoApplication using Java 17.0.10 with PID 22060 (D:\youp\backEnd\todo\build\classes\java\main started by Administrator in D:\youp\backEnd\todo)[0;39m
[2024-06-20 10:21:46 [32mINFO [0;39m restartedMain] [com.green.todo.TodoApplication] [36mNo active profile set, falling back to 1 default profile: "default"[0;39m
[2024-06-20 10:21:46 [32mINFO [0;39m restartedMain] [org.springframework.boot.devtools.env.DevToolsPropertyDefaultsPostProcessor] [36mDevtools property defaults active! Set 'spring.devtools.add-properties' to 'false' to disable[0;39m
[2024-06-20 10:21:46 [32mINFO [0;39m restartedMain] [org.springframework.boot.devtools.env.DevToolsPropertyDefaultsPostProcessor] [36mFor additional web related logging consider setting the 'logging.level.web' property to 'DEBUG'[0;39m
[2024-06-20 10:21:47 [32mINFO [0;39m restartedMain] [org.springframework.data.repository.config.RepositoryConfigurationDelegate] [36mBootstrapping Spring Data JPA repositories in DEFAULT mode.[0;39m
[2024-06-20 10:21:47 [32mINFO [0;39m restartedMain] [org.springframework.data.repository.config.RepositoryConfigurationDelegate] [36mFinished Spring Data repository scanning in 7 ms. Found 0 JPA repository interfaces.[0;39m
[2024-06-20 10:21:47 [32mINFO [0;39m restartedMain] [org.springframework.boot.web.embedded.tomcat.TomcatWebServer] [36mTomcat initialized with port 8080 (http)[0;39m
[2024-06-20 10:21:47 [32mINFO [0;39m restartedMain] [org.apache.coyote.http11.Http11NioProtocol] [36mInitializing ProtocolHandler ["http-nio-8080"][0;39m
[2024-06-20 10:21:47 [32mINFO [0;39m restartedMain] [org.apache.catalina.core.StandardService] [36mStarting service [Tomcat][0;39m
[2024-06-20 10:21:47 [32mINFO [0;39m restartedMain] [org.apache.catalina.core.StandardEngine] [36mStarting Servlet engine: [Apache Tomcat/10.1.20][0;39m
[2024-06-20 10:21:47 [32mINFO [0;39m restartedMain] [org.apache.catalina.core.ContainerBase.[Tomcat].[localhost].[/]] [36mInitializing Spring embedded WebApplicationContext[0;39m
[2024-06-20 10:21:47 [32mINFO [0;39m restartedMain] [org.springframework.boot.web.servlet.context.ServletWebServerApplicationContext] [36mRoot WebApplicationContext: initialization completed in 1686 ms[0;39m
[2024-06-20 10:21:48 [32mINFO [0;39m restartedMain] [com.zaxxer.hikari.HikariDataSource] [36mHikariPool-1 - Starting...[0;39m
[2024-06-20 10:21:48 [32mINFO [0;39m restartedMain] [com.zaxxer.hikari.pool.HikariPool] [36mHikariPool-1 - Added connection net.sf.log4jdbc.sql.jdbcapi.ConnectionSpy@271a4ba9[0;39m
[2024-06-20 10:21:48 [32mINFO [0;39m restartedMain] [com.zaxxer.hikari.HikariDataSource] [36mHikariPool-1 - Start completed.[0;39m
[2024-06-20 10:21:48 [32mINFO [0;39m restartedMain] [org.hibernate.jpa.internal.util.LogHelper] [36mHHH000204: Processing PersistenceUnitInfo [name: default][0;39m
[2024-06-20 10:21:48 [32mINFO [0;39m restartedMain] [org.hibernate.Version] [36mHHH000412: Hibernate ORM core version 6.4.4.Final[0;39m
[2024-06-20 10:21:48 [32mINFO [0;39m restartedMain] [org.hibernate.cache.internal.RegionFactoryInitiator] [36mHHH000026: Second-level cache disabled[0;39m
[2024-06-20 10:21:48 [32mINFO [0;39m restartedMain] [org.springframework.orm.jpa.persistenceunit.SpringPersistenceUnitInfo] [36mNo LoadTimeWeaver setup: ignoring JPA class transformer[0;39m
[2024-06-20 10:21:48 [32mDEBUG[0;39m restartedMain] [jdbc.sqltiming] [36m com.zaxxer.hikari.pool.ProxyStatement.executeQuery(ProxyStatement.java:110)
1. SELECT @@character_set_database, @@sql_mode
 {executed in 1 msec}[0;39m
[2024-06-20 10:21:49 [32mINFO [0;39m restartedMain] [org.hibernate.engine.transaction.jta.platform.internal.JtaPlatformInitiator] [36mHHH000489: No JTA platform available (set 'hibernate.transaction.jta.platform' to enable JTA platform integration)[0;39m
[2024-06-20 10:21:49 [32mINFO [0;39m restartedMain] [org.springframework.orm.jpa.LocalContainerEntityManagerFactoryBean] [36mInitialized JPA EntityManagerFactory for persistence unit 'default'[0;39m
[2024-06-20 10:21:50 [33mWARN [0;39m restartedMain] [org.springframework.boot.autoconfigure.orm.jpa.JpaBaseConfiguration$JpaWebConfiguration] [36mspring.jpa.open-in-view is enabled by default. Therefore, database queries may be performed during view rendering. Explicitly configure spring.jpa.open-in-view to disable this warning[0;39m
[2024-06-20 10:21:50 [32mINFO [0;39m restartedMain] [org.springframework.boot.autoconfigure.web.servlet.WelcomePageHandlerMapping] [36mAdding welcome page: class path resource [static/index.html][0;39m
[2024-06-20 10:21:50 [32mINFO [0;39m restartedMain] [org.springframework.boot.devtools.autoconfigure.OptionalLiveReloadServer] [36mLiveReload server is running on port 35729[0;39m
[2024-06-20 10:21:50 [32mINFO [0;39m restartedMain] [org.springframework.boot.actuate.endpoint.web.EndpointLinksResolver] [36mExposing 1 endpoint(s) beneath base path '/actuator'[0;39m
[2024-06-20 10:21:50 [32mINFO [0;39m restartedMain] [org.apache.coyote.http11.Http11NioProtocol] [36mStarting ProtocolHandler ["http-nio-8080"][0;39m
[2024-06-20 10:21:50 [32mINFO [0;39m restartedMain] [org.springframework.boot.web.embedded.tomcat.TomcatWebServer] [36mTomcat started on port 8080 (http) with context path ''[0;39m
[2024-06-20 10:21:50 [32mINFO [0;39m restartedMain] [com.green.todo.TodoApplication] [36mStarted TodoApplication in 5.107 seconds (process running for 5.547)[0;39m
[2024-06-20 10:21:51 [32mINFO [0;39m RMI TCP Connection(2)-192.168.0.148] [org.apache.catalina.core.ContainerBase.[Tomcat].[localhost].[/]] [36mInitializing Spring DispatcherServlet 'dispatcherServlet'[0;39m
[2024-06-20 10:21:51 [32mINFO [0;39m RMI TCP Connection(2)-192.168.0.148] [org.springframework.web.servlet.DispatcherServlet] [36mInitializing Servlet 'dispatcherServlet'[0;39m
[2024-06-20 10:21:51 [32mINFO [0;39m RMI TCP Connection(2)-192.168.0.148] [org.springframework.web.servlet.DispatcherServlet] [36mCompleted initialization in 1 ms[0;39m
[2024-06-20 10:22:12 INFO  Test worker] [com.green.todo.TodoApplicationTests] Starting TodoApplicationTests using Java 17.0.10 with PID 9804 (started by Administrator in D:\youp\backEnd\todo)
[2024-06-20 10:22:12 INFO  Test worker] [com.green.todo.TodoApplicationTests] No active profile set, falling back to 1 default profile: "default"
[2024-06-20 10:22:13 INFO  Test worker] [org.springframework.data.repository.config.RepositoryConfigurationDelegate] Bootstrapping Spring Data JPA repositories in DEFAULT mode.
[2024-06-20 10:22:13 INFO  Test worker] [org.springframework.data.repository.config.RepositoryConfigurationDelegate] Finished Spring Data repository scanning in 8 ms. Found 0 JPA repository interfaces.
[2024-06-20 10:22:14 INFO  Test worker] [com.zaxxer.hikari.HikariDataSource] HikariPool-1 - Starting...
[2024-06-20 10:22:14 INFO  Test worker] [com.zaxxer.hikari.pool.HikariPool] HikariPool-1 - Added connection net.sf.log4jdbc.sql.jdbcapi.ConnectionSpy@3c64339f
[2024-06-20 10:22:14 INFO  Test worker] [com.zaxxer.hikari.HikariDataSource] HikariPool-1 - Start completed.
[2024-06-20 10:22:14 INFO  Test worker] [org.hibernate.jpa.internal.util.LogHelper] HHH000204: Processing PersistenceUnitInfo [name: default]
[2024-06-20 10:22:14 INFO  Test worker] [org.hibernate.Version] HHH000412: Hibernate ORM core version 6.4.4.Final
[2024-06-20 10:22:14 INFO  Test worker] [org.hibernate.cache.internal.RegionFactoryInitiator] HHH000026: Second-level cache disabled
[2024-06-20 10:22:14 INFO  Test worker] [org.springframework.orm.jpa.persistenceunit.SpringPersistenceUnitInfo] No LoadTimeWeaver setup: ignoring JPA class transformer
[2024-06-20 10:22:14 DEBUG Test worker] [jdbc.sqltiming]  com.zaxxer.hikari.pool.ProxyStatement.executeQuery(ProxyStatement.java:110)
1. SELECT @@character_set_database, @@sql_mode
 {executed in 0 msec}
[2024-06-20 10:22:14 INFO  Test worker] [org.hibernate.engine.transaction.jta.platform.internal.JtaPlatformInitiator] HHH000489: No JTA platform available (set 'hibernate.transaction.jta.platform' to enable JTA platform integration)
[2024-06-20 10:22:14 INFO  Test worker] [org.springframework.orm.jpa.LocalContainerEntityManagerFactoryBean] Initialized JPA EntityManagerFactory for persistence unit 'default'
[2024-06-20 10:22:15 WARN  Test worker] [org.springframework.boot.autoconfigure.orm.jpa.JpaBaseConfiguration$JpaWebConfiguration] spring.jpa.open-in-view is enabled by default. Therefore, database queries may be performed during view rendering. Explicitly configure spring.jpa.open-in-view to disable this warning
[2024-06-20 10:22:15 INFO  Test worker] [org.springframework.boot.autoconfigure.web.servlet.WelcomePageHandlerMapping] Adding welcome page: class path resource [static/index.html]
[2024-06-20 10:22:16 INFO  Test worker] [org.springframework.boot.actuate.endpoint.web.EndpointLinksResolver] Exposing 1 endpoint(s) beneath base path '/actuator'
[2024-06-20 10:22:16 INFO  Test worker] [com.green.todo.TodoApplicationTests] Started TodoApplicationTests in 3.647 seconds (process running for 4.501)
[2024-06-20 10:22:16 INFO  SpringApplicationShutdownHook] [org.springframework.orm.jpa.LocalContainerEntityManagerFactoryBean] Closing JPA EntityManagerFactory for persistence unit 'default'
[2024-06-20 10:22:16 INFO  SpringApplicationShutdownHook] [com.zaxxer.hikari.HikariDataSource] HikariPool-1 - Shutdown initiated...
[2024-06-20 10:22:16 INFO  SpringApplicationShutdownHook] [com.zaxxer.hikari.HikariDataSource] HikariPool-1 - Shutdown completed.
[2024-06-20 10:22:20 [32mINFO [0;39m SpringApplicationShutdownHook] [org.springframework.orm.jpa.LocalContainerEntityManagerFactoryBean] [36mClosing JPA EntityManagerFactory for persistence unit 'default'[0;39m
[2024-06-20 10:22:20 [32mINFO [0;39m SpringApplicationShutdownHook] [com.zaxxer.hikari.HikariDataSource] [36mHikariPool-1 - Shutdown initiated...[0;39m
[2024-06-20 10:22:20 [32mINFO [0;39m SpringApplicationShutdownHook] [com.zaxxer.hikari.HikariDataSource] [36mHikariPool-1 - Shutdown completed.[0;39m
[2024-06-20 11:08:22 INFO  Test worker] [com.green.todo.TodoApplicationTests] Starting TodoApplicationTests using Java 17.0.10 with PID 21600 (started by Administrator in D:\youp\backEnd\todo)
[2024-06-20 11:08:22 INFO  Test worker] [com.green.todo.TodoApplicationTests] No active profile set, falling back to 1 default profile: "default"
[2024-06-20 11:08:23 INFO  Test worker] [org.springframework.data.repository.config.RepositoryConfigurationDelegate] Bootstrapping Spring Data JPA repositories in DEFAULT mode.
[2024-06-20 11:08:23 INFO  Test worker] [org.springframework.data.repository.config.RepositoryConfigurationDelegate] Finished Spring Data repository scanning in 8 ms. Found 0 JPA repository interfaces.
[2024-06-20 11:08:23 INFO  Test worker] [com.zaxxer.hikari.HikariDataSource] HikariPool-1 - Starting...
[2024-06-20 11:08:23 INFO  Test worker] [com.zaxxer.hikari.pool.HikariPool] HikariPool-1 - Added connection net.sf.log4jdbc.sql.jdbcapi.ConnectionSpy@bcfe29c
[2024-06-20 11:08:23 INFO  Test worker] [com.zaxxer.hikari.HikariDataSource] HikariPool-1 - Start completed.
[2024-06-20 11:08:23 INFO  Test worker] [org.hibernate.jpa.internal.util.LogHelper] HHH000204: Processing PersistenceUnitInfo [name: default]
[2024-06-20 11:08:23 INFO  Test worker] [org.hibernate.Version] HHH000412: Hibernate ORM core version 6.4.4.Final
[2024-06-20 11:08:23 INFO  Test worker] [org.hibernate.cache.internal.RegionFactoryInitiator] HHH000026: Second-level cache disabled
[2024-06-20 11:08:23 INFO  Test worker] [org.springframework.orm.jpa.persistenceunit.SpringPersistenceUnitInfo] No LoadTimeWeaver setup: ignoring JPA class transformer
[2024-06-20 11:08:24 DEBUG Test worker] [jdbc.sqltiming]  com.zaxxer.hikari.pool.ProxyStatement.executeQuery(ProxyStatement.java:110)
1. SELECT @@character_set_database, @@sql_mode
 {executed in 1 msec}
[2024-06-20 11:08:24 INFO  Test worker] [org.hibernate.engine.transaction.jta.platform.internal.JtaPlatformInitiator] HHH000489: No JTA platform available (set 'hibernate.transaction.jta.platform' to enable JTA platform integration)
[2024-06-20 11:08:24 INFO  Test worker] [org.springframework.orm.jpa.LocalContainerEntityManagerFactoryBean] Initialized JPA EntityManagerFactory for persistence unit 'default'
[2024-06-20 11:08:24 WARN  Test worker] [org.springframework.boot.autoconfigure.orm.jpa.JpaBaseConfiguration$JpaWebConfiguration] spring.jpa.open-in-view is enabled by default. Therefore, database queries may be performed during view rendering. Explicitly configure spring.jpa.open-in-view to disable this warning
[2024-06-20 11:08:24 INFO  Test worker] [org.springframework.boot.autoconfigure.web.servlet.WelcomePageHandlerMapping] Adding welcome page: class path resource [static/index.html]
[2024-06-20 11:08:25 INFO  Test worker] [org.springframework.boot.actuate.endpoint.web.EndpointLinksResolver] Exposing 1 endpoint(s) beneath base path '/actuator'
[2024-06-20 11:08:25 INFO  Test worker] [com.green.todo.TodoApplicationTests] Started TodoApplicationTests in 4.021 seconds (process running for 4.911)
[2024-06-20 11:08:26 INFO  SpringApplicationShutdownHook] [org.springframework.orm.jpa.LocalContainerEntityManagerFactoryBean] Closing JPA EntityManagerFactory for persistence unit 'default'
[2024-06-20 11:08:26 INFO  SpringApplicationShutdownHook] [com.zaxxer.hikari.HikariDataSource] HikariPool-1 - Shutdown initiated...
[2024-06-20 11:08:26 INFO  SpringApplicationShutdownHook] [com.zaxxer.hikari.HikariDataSource] HikariPool-1 - Shutdown completed.
[2024-06-20 14:11:27 [32mINFO [0;39m restartedMain] [com.green.todo.TodoApplication] [36mStarting TodoApplication using Java 17.0.10 with PID 19076 (D:\youp\backEnd\todo\build\classes\java\main started by Administrator in D:\youp\backEnd\todo)[0;39m
[2024-06-20 14:11:27 [32mINFO [0;39m restartedMain] [com.green.todo.TodoApplication] [36mNo active profile set, falling back to 1 default profile: "default"[0;39m
[2024-06-20 14:11:27 [32mINFO [0;39m restartedMain] [org.springframework.boot.devtools.env.DevToolsPropertyDefaultsPostProcessor] [36mDevtools property defaults active! Set 'spring.devtools.add-properties' to 'false' to disable[0;39m
[2024-06-20 14:11:27 [32mINFO [0;39m restartedMain] [org.springframework.boot.devtools.env.DevToolsPropertyDefaultsPostProcessor] [36mFor additional web related logging consider setting the 'logging.level.web' property to 'DEBUG'[0;39m
[2024-06-20 14:11:28 [32mINFO [0;39m restartedMain] [org.springframework.data.repository.config.RepositoryConfigurationDelegate] [36mBootstrapping Spring Data JPA repositories in DEFAULT mode.[0;39m
[2024-06-20 14:11:28 [32mINFO [0;39m restartedMain] [org.springframework.data.repository.config.RepositoryConfigurationDelegate] [36mFinished Spring Data repository scanning in 9 ms. Found 0 JPA repository interfaces.[0;39m
[2024-06-20 14:11:28 [32mINFO [0;39m restartedMain] [org.springframework.boot.web.embedded.tomcat.TomcatWebServer] [36mTomcat initialized with port 8080 (http)[0;39m
[2024-06-20 14:11:28 [32mINFO [0;39m restartedMain] [org.apache.coyote.http11.Http11NioProtocol] [36mInitializing ProtocolHandler ["http-nio-8080"][0;39m
[2024-06-20 14:11:28 [32mINFO [0;39m restartedMain] [org.apache.catalina.core.StandardService] [36mStarting service [Tomcat][0;39m
[2024-06-20 14:11:28 [32mINFO [0;39m restartedMain] [org.apache.catalina.core.StandardEngine] [36mStarting Servlet engine: [Apache Tomcat/10.1.20][0;39m
[2024-06-20 14:11:28 [32mINFO [0;39m restartedMain] [org.apache.catalina.core.ContainerBase.[Tomcat].[localhost].[/]] [36mInitializing Spring embedded WebApplicationContext[0;39m
[2024-06-20 14:11:28 [32mINFO [0;39m restartedMain] [org.springframework.boot.web.servlet.context.ServletWebServerApplicationContext] [36mRoot WebApplicationContext: initialization completed in 1605 ms[0;39m
[2024-06-20 14:11:28 [32mINFO [0;39m restartedMain] [com.zaxxer.hikari.HikariDataSource] [36mHikariPool-1 - Starting...[0;39m
[2024-06-20 14:11:28 [32mINFO [0;39m restartedMain] [com.zaxxer.hikari.pool.HikariPool] [36mHikariPool-1 - Added connection net.sf.log4jdbc.sql.jdbcapi.ConnectionSpy@38f55f33[0;39m
[2024-06-20 14:11:28 [32mINFO [0;39m restartedMain] [com.zaxxer.hikari.HikariDataSource] [36mHikariPool-1 - Start completed.[0;39m
[2024-06-20 14:11:28 [32mINFO [0;39m restartedMain] [org.hibernate.jpa.internal.util.LogHelper] [36mHHH000204: Processing PersistenceUnitInfo [name: default][0;39m
[2024-06-20 14:11:29 [32mINFO [0;39m restartedMain] [org.hibernate.Version] [36mHHH000412: Hibernate ORM core version 6.4.4.Final[0;39m
[2024-06-20 14:11:29 [32mINFO [0;39m restartedMain] [org.hibernate.cache.internal.RegionFactoryInitiator] [36mHHH000026: Second-level cache disabled[0;39m
[2024-06-20 14:11:29 [32mINFO [0;39m restartedMain] [org.springframework.orm.jpa.persistenceunit.SpringPersistenceUnitInfo] [36mNo LoadTimeWeaver setup: ignoring JPA class transformer[0;39m
[2024-06-20 14:11:29 [32mDEBUG[0;39m restartedMain] [jdbc.sqltiming] [36m com.zaxxer.hikari.pool.ProxyStatement.executeQuery(ProxyStatement.java:110)
1. SELECT @@character_set_database, @@sql_mode
 {executed in 0 msec}[0;39m
[2024-06-20 14:11:29 [32mINFO [0;39m restartedMain] [org.hibernate.engine.transaction.jta.platform.internal.JtaPlatformInitiator] [36mHHH000489: No JTA platform available (set 'hibernate.transaction.jta.platform' to enable JTA platform integration)[0;39m
[2024-06-20 14:11:29 [32mINFO [0;39m restartedMain] [org.springframework.orm.jpa.LocalContainerEntityManagerFactoryBean] [36mInitialized JPA EntityManagerFactory for persistence unit 'default'[0;39m
[2024-06-20 14:11:29 [33mWARN [0;39m restartedMain] [org.springframework.boot.autoconfigure.orm.jpa.JpaBaseConfiguration$JpaWebConfiguration] [36mspring.jpa.open-in-view is enabled by default. Therefore, database queries may be performed during view rendering. Explicitly configure spring.jpa.open-in-view to disable this warning[0;39m
[2024-06-20 14:11:29 [32mINFO [0;39m restartedMain] [org.springframework.boot.autoconfigure.web.servlet.WelcomePageHandlerMapping] [36mAdding welcome page: class path resource [static/index.html][0;39m
[2024-06-20 14:11:30 [32mINFO [0;39m restartedMain] [org.springframework.boot.devtools.autoconfigure.OptionalLiveReloadServer] [36mLiveReload server is running on port 35729[0;39m
[2024-06-20 14:11:30 [32mINFO [0;39m restartedMain] [org.springframework.boot.actuate.endpoint.web.EndpointLinksResolver] [36mExposing 1 endpoint(s) beneath base path '/actuator'[0;39m
[2024-06-20 14:11:30 [32mINFO [0;39m restartedMain] [org.apache.coyote.http11.Http11NioProtocol] [36mStarting ProtocolHandler ["http-nio-8080"][0;39m
[2024-06-20 14:11:30 [32mINFO [0;39m restartedMain] [org.springframework.boot.web.embedded.tomcat.TomcatWebServer] [36mTomcat started on port 8080 (http) with context path ''[0;39m
[2024-06-20 14:11:30 [32mINFO [0;39m restartedMain] [com.green.todo.TodoApplication] [36mStarted TodoApplication in 3.843 seconds (process running for 4.265)[0;39m
[2024-06-20 14:11:30 [32mINFO [0;39m RMI TCP Connection(1)-192.168.0.148] [org.apache.catalina.core.ContainerBase.[Tomcat].[localhost].[/]] [36mInitializing Spring DispatcherServlet 'dispatcherServlet'[0;39m
[2024-06-20 14:11:30 [32mINFO [0;39m RMI TCP Connection(1)-192.168.0.148] [org.springframework.web.servlet.DispatcherServlet] [36mInitializing Servlet 'dispatcherServlet'[0;39m
[2024-06-20 14:11:30 [32mINFO [0;39m RMI TCP Connection(1)-192.168.0.148] [org.springframework.web.servlet.DispatcherServlet] [36mCompleted initialization in 1 ms[0;39m
[2024-06-20 14:11:31 [32mINFO [0;39m http-nio-8080-exec-10] [org.springdoc.api.AbstractOpenApiResource] [36mInit duration for springdoc-openapi is: 356 ms[0;39m
[2024-06-20 14:11:59 [32mDEBUG[0;39m http-nio-8080-exec-5] [jdbc.sqltiming] [36m com.zaxxer.hikari.pool.ProxyPreparedStatement.execute(ProxyPreparedStatement.java:44)
1. INSERT INTO comment
        SET board_id = 213
            , user_id = 31
            , content = '댓글 내용aaaaaaaaaaaaaaaaaaaaaaaa'
 {executed in 2 msec}[0;39m
[2024-06-20 14:11:59 [32mDEBUG[0;39m http-nio-8080-exec-5] [jdbc.sqltiming] [36m com.zaxxer.hikari.pool.ProxyStatement.getGeneratedKeys(ProxyStatement.java:229)
1. getGeneratedKeys on query: INSERT INTO comment
        SET board_id = 213
            , user_id = 31
            , content = '댓글 내용aaaaaaaaaaaaaaaaaaaaaaaa'
 {executed in 0 msec}[0;39m
[2024-06-20 14:11:59 [32mINFO [0;39m http-nio-8080-exec-5] [jdbc.resultsettable] [36m
|----------|
|insert_id |
|----------|
|80        |
|----------|
[0;39m
[2024-06-20 14:11:59 [32mDEBUG[0;39m http-nio-8080-exec-5] [jdbc.sqltiming] [36m com.zaxxer.hikari.pool.ProxyPreparedStatement.execute(ProxyPreparedStatement.java:44)
1. SELECT title
        FROM board
        WHERE board_id = 213
 {executed in 0 msec}[0;39m
[2024-06-20 14:11:59 [32mINFO [0;39m http-nio-8080-exec-5] [jdbc.resultsettable] [36m
|----------|
|title     |
|----------|
|2번 캘린더 보드 |
|----------|
[0;39m
[2024-06-20 14:11:59 [32mDEBUG[0;39m http-nio-8080-exec-5] [jdbc.sqltiming] [36m com.zaxxer.hikari.pool.ProxyPreparedStatement.execute(ProxyPreparedStatement.java:44)
1. INSERT INTO notice
        SET calendar_id = 2
            , content = '''2번 캘린더 보드''에 새로운 댓글이 있습니다. : ''aaaaaaaaaaaaaaaaaaa...'''
 {executed in 1 msec}[0;39m
[2024-06-20 14:11:59 [32mDEBUG[0;39m http-nio-8080-exec-5] [jdbc.sqltiming] [36m com.zaxxer.hikari.pool.ProxyStatement.getGeneratedKeys(ProxyStatement.java:229)
1. getGeneratedKeys on query: INSERT INTO notice
        SET calendar_id = 2
            , content = '''2번 캘린더 보드''에 새로운 댓글이 있습니다. : ''aaaaaaaaaaaaaaaaaaa...'''
 {executed in 0 msec}[0;39m
[2024-06-20 14:11:59 [32mINFO [0;39m http-nio-8080-exec-5] [jdbc.resultsettable] [36m
|----------|
|insert_id |
|----------|
|1203      |
|----------|
[0;39m
[2024-06-20 14:11:59 [32mDEBUG[0;39m http-nio-8080-exec-5] [jdbc.sqltiming] [36m com.zaxxer.hikari.pool.ProxyPreparedStatement.execute(ProxyPreparedStatement.java:44)
1. SELECT user_id
        FROM calendar_user
        WHERE calendar_id = 2
 {executed in 0 msec}[0;39m
[2024-06-20 14:11:59 [32mINFO [0;39m http-nio-8080-exec-5] [jdbc.resultsettable] [36m
|--------|
|user_id |
|--------|
|1       |
|2       |
|8       |
|30      |
|31      |
|--------|
[0;39m
[2024-06-20 14:11:59 [32mDEBUG[0;39m http-nio-8080-exec-5] [jdbc.sqltiming] [36m com.zaxxer.hikari.pool.ProxyPreparedStatement.execute(ProxyPreparedStatement.java:44)
1. INSERT INTO notice_list
        SET notice_id = 1203
        , user_id = 1
 {executed in 1 msec}[0;39m
[2024-06-20 14:11:59 [32mDEBUG[0;39m http-nio-8080-exec-5] [jdbc.sqltiming] [36m com.zaxxer.hikari.pool.ProxyPreparedStatement.execute(ProxyPreparedStatement.java:44)
1. INSERT INTO notice_list
        SET notice_id = 1203
        , user_id = 2
 {executed in 1 msec}[0;39m
[2024-06-20 14:11:59 [32mDEBUG[0;39m http-nio-8080-exec-5] [jdbc.sqltiming] [36m com.zaxxer.hikari.pool.ProxyPreparedStatement.execute(ProxyPreparedStatement.java:44)
1. INSERT INTO notice_list
        SET notice_id = 1203
        , user_id = 8
 {executed in 1 msec}[0;39m
[2024-06-20 14:11:59 [32mDEBUG[0;39m http-nio-8080-exec-5] [jdbc.sqltiming] [36m com.zaxxer.hikari.pool.ProxyPreparedStatement.execute(ProxyPreparedStatement.java:44)
1. INSERT INTO notice_list
        SET notice_id = 1203
        , user_id = 30
 {executed in 2 msec}[0;39m
[2024-06-20 14:12:45 [32mINFO [0;39m SpringApplicationShutdownHook] [org.springframework.orm.jpa.LocalContainerEntityManagerFactoryBean] [36mClosing JPA EntityManagerFactory for persistence unit 'default'[0;39m
[2024-06-20 14:12:45 [32mINFO [0;39m SpringApplicationShutdownHook] [com.zaxxer.hikari.HikariDataSource] [36mHikariPool-1 - Shutdown initiated...[0;39m
[2024-06-20 14:12:45 [32mINFO [0;39m SpringApplicationShutdownHook] [com.zaxxer.hikari.HikariDataSource] [36mHikariPool-1 - Shutdown completed.[0;39m
[2024-06-20 14:12:49 [32mINFO [0;39m restartedMain] [com.green.todo.TodoApplication] [36mStarting TodoApplication using Java 17.0.10 with PID 23060 (D:\youp\backEnd\todo\build\classes\java\main started by Administrator in D:\youp\backEnd\todo)[0;39m
[2024-06-20 14:12:49 [32mINFO [0;39m restartedMain] [com.green.todo.TodoApplication] [36mNo active profile set, falling back to 1 default profile: "default"[0;39m
[2024-06-20 14:12:49 [32mINFO [0;39m restartedMain] [org.springframework.boot.devtools.env.DevToolsPropertyDefaultsPostProcessor] [36mDevtools property defaults active! Set 'spring.devtools.add-properties' to 'false' to disable[0;39m
[2024-06-20 14:12:49 [32mINFO [0;39m restartedMain] [org.springframework.boot.devtools.env.DevToolsPropertyDefaultsPostProcessor] [36mFor additional web related logging consider setting the 'logging.level.web' property to 'DEBUG'[0;39m
[2024-06-20 14:12:49 [32mINFO [0;39m restartedMain] [org.springframework.data.repository.config.RepositoryConfigurationDelegate] [36mBootstrapping Spring Data JPA repositories in DEFAULT mode.[0;39m
[2024-06-20 14:12:49 [32mINFO [0;39m restartedMain] [org.springframework.data.repository.config.RepositoryConfigurationDelegate] [36mFinished Spring Data repository scanning in 7 ms. Found 0 JPA repository interfaces.[0;39m
[2024-06-20 14:12:50 [32mINFO [0;39m restartedMain] [org.springframework.boot.web.embedded.tomcat.TomcatWebServer] [36mTomcat initialized with port 8080 (http)[0;39m
[2024-06-20 14:12:50 [32mINFO [0;39m restartedMain] [org.apache.coyote.http11.Http11NioProtocol] [36mInitializing ProtocolHandler ["http-nio-8080"][0;39m
[2024-06-20 14:12:50 [32mINFO [0;39m restartedMain] [org.apache.catalina.core.StandardService] [36mStarting service [Tomcat][0;39m
[2024-06-20 14:12:50 [32mINFO [0;39m restartedMain] [org.apache.catalina.core.StandardEngine] [36mStarting Servlet engine: [Apache Tomcat/10.1.20][0;39m
[2024-06-20 14:12:50 [32mINFO [0;39m restartedMain] [org.apache.catalina.core.ContainerBase.[Tomcat].[localhost].[/]] [36mInitializing Spring embedded WebApplicationContext[0;39m
[2024-06-20 14:12:50 [32mINFO [0;39m restartedMain] [org.springframework.boot.web.servlet.context.ServletWebServerApplicationContext] [36mRoot WebApplicationContext: initialization completed in 1327 ms[0;39m
[2024-06-20 14:12:50 [32mINFO [0;39m restartedMain] [com.zaxxer.hikari.HikariDataSource] [36mHikariPool-1 - Starting...[0;39m
[2024-06-20 14:12:50 [32mINFO [0;39m restartedMain] [com.zaxxer.hikari.pool.HikariPool] [36mHikariPool-1 - Added connection net.sf.log4jdbc.sql.jdbcapi.ConnectionSpy@45abb567[0;39m
[2024-06-20 14:12:50 [32mINFO [0;39m restartedMain] [com.zaxxer.hikari.HikariDataSource] [36mHikariPool-1 - Start completed.[0;39m
[2024-06-20 14:12:50 [32mINFO [0;39m restartedMain] [org.hibernate.jpa.internal.util.LogHelper] [36mHHH000204: Processing PersistenceUnitInfo [name: default][0;39m
[2024-06-20 14:12:50 [32mINFO [0;39m restartedMain] [org.hibernate.Version] [36mHHH000412: Hibernate ORM core version 6.4.4.Final[0;39m
[2024-06-20 14:12:50 [32mINFO [0;39m restartedMain] [org.hibernate.cache.internal.RegionFactoryInitiator] [36mHHH000026: Second-level cache disabled[0;39m
[2024-06-20 14:12:50 [32mINFO [0;39m restartedMain] [org.springframework.orm.jpa.persistenceunit.SpringPersistenceUnitInfo] [36mNo LoadTimeWeaver setup: ignoring JPA class transformer[0;39m
[2024-06-20 14:12:51 [32mDEBUG[0;39m restartedMain] [jdbc.sqltiming] [36m com.zaxxer.hikari.pool.ProxyStatement.executeQuery(ProxyStatement.java:110)
1. SELECT @@character_set_database, @@sql_mode
 {executed in 1 msec}[0;39m
[2024-06-20 14:12:51 [32mINFO [0;39m restartedMain] [org.hibernate.engine.transaction.jta.platform.internal.JtaPlatformInitiator] [36mHHH000489: No JTA platform available (set 'hibernate.transaction.jta.platform' to enable JTA platform integration)[0;39m
[2024-06-20 14:12:51 [32mINFO [0;39m restartedMain] [org.springframework.orm.jpa.LocalContainerEntityManagerFactoryBean] [36mInitialized JPA EntityManagerFactory for persistence unit 'default'[0;39m
[2024-06-20 14:12:51 [33mWARN [0;39m restartedMain] [org.springframework.boot.autoconfigure.orm.jpa.JpaBaseConfiguration$JpaWebConfiguration] [36mspring.jpa.open-in-view is enabled by default. Therefore, database queries may be performed during view rendering. Explicitly configure spring.jpa.open-in-view to disable this warning[0;39m
[2024-06-20 14:12:51 [32mINFO [0;39m restartedMain] [org.springframework.boot.autoconfigure.web.servlet.WelcomePageHandlerMapping] [36mAdding welcome page: class path resource [static/index.html][0;39m
[2024-06-20 14:12:52 [32mINFO [0;39m restartedMain] [org.springframework.boot.devtools.autoconfigure.OptionalLiveReloadServer] [36mLiveReload server is running on port 35729[0;39m
[2024-06-20 14:12:52 [32mINFO [0;39m restartedMain] [org.springframework.boot.actuate.endpoint.web.EndpointLinksResolver] [36mExposing 1 endpoint(s) beneath base path '/actuator'[0;39m
[2024-06-20 14:12:52 [32mINFO [0;39m restartedMain] [org.apache.coyote.http11.Http11NioProtocol] [36mStarting ProtocolHandler ["http-nio-8080"][0;39m
[2024-06-20 14:12:52 [32mINFO [0;39m restartedMain] [org.springframework.boot.web.embedded.tomcat.TomcatWebServer] [36mTomcat started on port 8080 (http) with context path ''[0;39m
[2024-06-20 14:12:52 [32mINFO [0;39m restartedMain] [com.green.todo.TodoApplication] [36mStarted TodoApplication in 3.718 seconds (process running for 4.143)[0;39m
[2024-06-20 14:12:52 [32mINFO [0;39m RMI TCP Connection(5)-192.168.0.148] [org.apache.catalina.core.ContainerBase.[Tomcat].[localhost].[/]] [36mInitializing Spring DispatcherServlet 'dispatcherServlet'[0;39m
[2024-06-20 14:12:52 [32mINFO [0;39m RMI TCP Connection(5)-192.168.0.148] [org.springframework.web.servlet.DispatcherServlet] [36mInitializing Servlet 'dispatcherServlet'[0;39m
[2024-06-20 14:12:52 [32mINFO [0;39m RMI TCP Connection(5)-192.168.0.148] [org.springframework.web.servlet.DispatcherServlet] [36mCompleted initialization in 1 ms[0;39m
[2024-06-20 14:12:53 [32mDEBUG[0;39m http-nio-8080-exec-1] [jdbc.sqltiming] [36m com.zaxxer.hikari.pool.ProxyPreparedStatement.execute(ProxyPreparedStatement.java:44)
1. INSERT INTO comment
        SET board_id = 213
            , user_id = 31
            , content = '댓글 내용aaaaaaaaaaaaaaaaaaaaaaaa'
 {executed in 3 msec}[0;39m
[2024-06-20 14:12:53 [32mDEBUG[0;39m http-nio-8080-exec-1] [jdbc.sqltiming] [36m com.zaxxer.hikari.pool.ProxyStatement.getGeneratedKeys(ProxyStatement.java:229)
1. getGeneratedKeys on query: INSERT INTO comment
        SET board_id = 213
            , user_id = 31
            , content = '댓글 내용aaaaaaaaaaaaaaaaaaaaaaaa'
 {executed in 0 msec}[0;39m
[2024-06-20 14:12:53 [32mINFO [0;39m http-nio-8080-exec-1] [jdbc.resultsettable] [36m
|----------|
|insert_id |
|----------|
|81        |
|----------|
[0;39m
[2024-06-20 14:12:53 [32mDEBUG[0;39m http-nio-8080-exec-1] [jdbc.sqltiming] [36m com.zaxxer.hikari.pool.ProxyPreparedStatement.execute(ProxyPreparedStatement.java:44)
1. SELECT title
        FROM board
        WHERE board_id = 213
 {executed in 0 msec}[0;39m
[2024-06-20 14:12:53 [32mINFO [0;39m http-nio-8080-exec-1] [jdbc.resultsettable] [36m
|----------|
|title     |
|----------|
|2번 캘린더 보드 |
|----------|
[0;39m
[2024-06-20 14:12:53 [32mDEBUG[0;39m http-nio-8080-exec-1] [jdbc.sqltiming] [36m com.zaxxer.hikari.pool.ProxyPreparedStatement.execute(ProxyPreparedStatement.java:44)
1. INSERT INTO notice
        SET calendar_id = 2
            , content = '''2번 캘린더 보드''에 새로운 댓글이 있습니다. : ''댓글 내용aaaaa...'''
 {executed in 1 msec}[0;39m
[2024-06-20 14:12:53 [32mDEBUG[0;39m http-nio-8080-exec-1] [jdbc.sqltiming] [36m com.zaxxer.hikari.pool.ProxyStatement.getGeneratedKeys(ProxyStatement.java:229)
1. getGeneratedKeys on query: INSERT INTO notice
        SET calendar_id = 2
            , content = '''2번 캘린더 보드''에 새로운 댓글이 있습니다. : ''댓글 내용aaaaa...'''
 {executed in 0 msec}[0;39m
[2024-06-20 14:12:53 [32mINFO [0;39m http-nio-8080-exec-1] [jdbc.resultsettable] [36m
|----------|
|insert_id |
|----------|
|1204      |
|----------|
[0;39m
[2024-06-20 14:12:53 [32mDEBUG[0;39m http-nio-8080-exec-1] [jdbc.sqltiming] [36m com.zaxxer.hikari.pool.ProxyPreparedStatement.execute(ProxyPreparedStatement.java:44)
1. SELECT user_id
        FROM calendar_user
        WHERE calendar_id = 2
 {executed in 1 msec}[0;39m
[2024-06-20 14:12:53 [32mINFO [0;39m http-nio-8080-exec-1] [jdbc.resultsettable] [36m
|--------|
|user_id |
|--------|
|1       |
|2       |
|8       |
|30      |
|31      |
|--------|
[0;39m
[2024-06-20 14:12:53 [32mDEBUG[0;39m http-nio-8080-exec-1] [jdbc.sqltiming] [36m com.zaxxer.hikari.pool.ProxyPreparedStatement.execute(ProxyPreparedStatement.java:44)
1. INSERT INTO notice_list
        SET notice_id = 1204
        , user_id = 1
 {executed in 1 msec}[0;39m
[2024-06-20 14:12:53 [32mDEBUG[0;39m http-nio-8080-exec-1] [jdbc.sqltiming] [36m com.zaxxer.hikari.pool.ProxyPreparedStatement.execute(ProxyPreparedStatement.java:44)
1. INSERT INTO notice_list
        SET notice_id = 1204
        , user_id = 2
 {executed in 1 msec}[0;39m
[2024-06-20 14:12:53 [32mDEBUG[0;39m http-nio-8080-exec-1] [jdbc.sqltiming] [36m com.zaxxer.hikari.pool.ProxyPreparedStatement.execute(ProxyPreparedStatement.java:44)
1. INSERT INTO notice_list
        SET notice_id = 1204
        , user_id = 8
 {executed in 1 msec}[0;39m
[2024-06-20 14:12:53 [32mDEBUG[0;39m http-nio-8080-exec-1] [jdbc.sqltiming] [36m com.zaxxer.hikari.pool.ProxyPreparedStatement.execute(ProxyPreparedStatement.java:44)
1. INSERT INTO notice_list
        SET notice_id = 1204
        , user_id = 30
 {executed in 1 msec}[0;39m
[2024-06-20 14:14:51 [32mINFO [0;39m File Watcher] [org.springframework.boot.devtools.autoconfigure.LocalDevToolsAutoConfiguration$RestartingClassPathChangeChangedEventListener] [36mRestarting due to 9 class path changes (0 additions, 0 deletions, 9 modifications)[0;39m
[2024-06-20 14:14:51 [32mINFO [0;39m Thread-5] [org.apache.coyote.http11.Http11NioProtocol] [36mStopping ProtocolHandler ["http-nio-8080"][0;39m
[2024-06-20 14:14:51 [32mINFO [0;39m Thread-5] [org.springframework.orm.jpa.LocalContainerEntityManagerFactoryBean] [36mClosing JPA EntityManagerFactory for persistence unit 'default'[0;39m
[2024-06-20 14:14:51 [32mINFO [0;39m Thread-5] [com.zaxxer.hikari.HikariDataSource] [36mHikariPool-1 - Shutdown initiated...[0;39m
[2024-06-20 14:14:51 [32mINFO [0;39m Thread-5] [com.zaxxer.hikari.HikariDataSource] [36mHikariPool-1 - Shutdown completed.[0;39m
[2024-06-20 14:14:52 [32mINFO [0;39m restartedMain] [com.green.todo.TodoApplication] [36mStarting TodoApplication using Java 17.0.10 with PID 23060 (D:\youp\backEnd\todo\build\classes\java\main started by Administrator in D:\youp\backEnd\todo)[0;39m
[2024-06-20 14:14:52 [32mINFO [0;39m restartedMain] [com.green.todo.TodoApplication] [36mNo active profile set, falling back to 1 default profile: "default"[0;39m
[2024-06-20 14:14:52 [32mINFO [0;39m restartedMain] [org.springframework.data.repository.config.RepositoryConfigurationDelegate] [36mBootstrapping Spring Data JPA repositories in DEFAULT mode.[0;39m
[2024-06-20 14:14:52 [32mINFO [0;39m restartedMain] [org.springframework.data.repository.config.RepositoryConfigurationDelegate] [36mFinished Spring Data repository scanning in 3 ms. Found 0 JPA repository interfaces.[0;39m
[2024-06-20 14:14:52 [32mINFO [0;39m restartedMain] [org.springframework.boot.web.embedded.tomcat.TomcatWebServer] [36mTomcat initialized with port 8080 (http)[0;39m
[2024-06-20 14:14:52 [32mINFO [0;39m restartedMain] [org.apache.coyote.http11.Http11NioProtocol] [36mInitializing ProtocolHandler ["http-nio-8080"][0;39m
[2024-06-20 14:14:52 [32mINFO [0;39m restartedMain] [org.apache.catalina.core.StandardService] [36mStarting service [Tomcat][0;39m
[2024-06-20 14:14:52 [32mINFO [0;39m restartedMain] [org.apache.catalina.core.StandardEngine] [36mStarting Servlet engine: [Apache Tomcat/10.1.20][0;39m
[2024-06-20 14:14:52 [32mINFO [0;39m restartedMain] [org.apache.catalina.core.ContainerBase.[Tomcat].[localhost].[/]] [36mInitializing Spring embedded WebApplicationContext[0;39m
[2024-06-20 14:14:52 [32mINFO [0;39m restartedMain] [org.springframework.boot.web.servlet.context.ServletWebServerApplicationContext] [36mRoot WebApplicationContext: initialization completed in 544 ms[0;39m
[2024-06-20 14:14:52 [32mINFO [0;39m restartedMain] [com.zaxxer.hikari.HikariDataSource] [36mHikariPool-2 - Starting...[0;39m
[2024-06-20 14:14:52 [32mINFO [0;39m restartedMain] [com.zaxxer.hikari.pool.HikariPool] [36mHikariPool-2 - Added connection net.sf.log4jdbc.sql.jdbcapi.ConnectionSpy@1b0da3c5[0;39m
[2024-06-20 14:14:52 [32mINFO [0;39m restartedMain] [com.zaxxer.hikari.HikariDataSource] [36mHikariPool-2 - Start completed.[0;39m
[2024-06-20 14:14:52 [32mINFO [0;39m restartedMain] [org.hibernate.jpa.internal.util.LogHelper] [36mHHH000204: Processing PersistenceUnitInfo [name: default][0;39m
[2024-06-20 14:14:52 [32mINFO [0;39m restartedMain] [org.hibernate.cache.internal.RegionFactoryInitiator] [36mHHH000026: Second-level cache disabled[0;39m
[2024-06-20 14:14:52 [32mINFO [0;39m restartedMain] [org.springframework.orm.jpa.persistenceunit.SpringPersistenceUnitInfo] [36mNo LoadTimeWeaver setup: ignoring JPA class transformer[0;39m
[2024-06-20 14:14:52 [32mDEBUG[0;39m restartedMain] [jdbc.sqltiming] [36m com.zaxxer.hikari.pool.ProxyStatement.executeQuery(ProxyStatement.java:110)
11. SELECT @@character_set_database, @@sql_mode
 {executed in 0 msec}[0;39m
[2024-06-20 14:14:52 [32mINFO [0;39m restartedMain] [org.hibernate.engine.transaction.jta.platform.internal.JtaPlatformInitiator] [36mHHH000489: No JTA platform available (set 'hibernate.transaction.jta.platform' to enable JTA platform integration)[0;39m
[2024-06-20 14:14:52 [32mINFO [0;39m restartedMain] [org.springframework.orm.jpa.LocalContainerEntityManagerFactoryBean] [36mInitialized JPA EntityManagerFactory for persistence unit 'default'[0;39m
[2024-06-20 14:14:52 [33mWARN [0;39m restartedMain] [org.springframework.boot.autoconfigure.orm.jpa.JpaBaseConfiguration$JpaWebConfiguration] [36mspring.jpa.open-in-view is enabled by default. Therefore, database queries may be performed during view rendering. Explicitly configure spring.jpa.open-in-view to disable this warning[0;39m
[2024-06-20 14:14:52 [32mINFO [0;39m restartedMain] [org.springframework.boot.autoconfigure.web.servlet.WelcomePageHandlerMapping] [36mAdding welcome page: class path resource [static/index.html][0;39m
[2024-06-20 14:14:53 [32mINFO [0;39m restartedMain] [org.springframework.boot.devtools.autoconfigure.OptionalLiveReloadServer] [36mLiveReload server is running on port 35729[0;39m
[2024-06-20 14:14:53 [32mINFO [0;39m restartedMain] [org.springframework.boot.actuate.endpoint.web.EndpointLinksResolver] [36mExposing 1 endpoint(s) beneath base path '/actuator'[0;39m
[2024-06-20 14:14:53 [32mINFO [0;39m restartedMain] [org.apache.coyote.http11.Http11NioProtocol] [36mStarting ProtocolHandler ["http-nio-8080"][0;39m
[2024-06-20 14:14:53 [32mINFO [0;39m restartedMain] [org.springframework.boot.web.embedded.tomcat.TomcatWebServer] [36mTomcat started on port 8080 (http) with context path ''[0;39m
[2024-06-20 14:14:53 [32mINFO [0;39m restartedMain] [com.green.todo.TodoApplication] [36mStarted TodoApplication in 1.467 seconds (process running for 125.215)[0;39m
[2024-06-20 14:14:53 [32mINFO [0;39m restartedMain] [org.springframework.boot.devtools.autoconfigure.ConditionEvaluationDeltaLoggingListener] [36mCondition evaluation unchanged[0;39m
[2024-06-20 14:15:26 [32mINFO [0;39m http-nio-8080-exec-1] [org.apache.catalina.core.ContainerBase.[Tomcat].[localhost].[/]] [36mInitializing Spring DispatcherServlet 'dispatcherServlet'[0;39m
[2024-06-20 14:15:26 [32mINFO [0;39m http-nio-8080-exec-1] [org.springframework.web.servlet.DispatcherServlet] [36mInitializing Servlet 'dispatcherServlet'[0;39m
[2024-06-20 14:15:26 [32mINFO [0;39m http-nio-8080-exec-1] [org.springframework.web.servlet.DispatcherServlet] [36mCompleted initialization in 1 ms[0;39m
[2024-06-20 14:15:26 [32mDEBUG[0;39m http-nio-8080-exec-1] [jdbc.sqltiming] [36m com.zaxxer.hikari.pool.ProxyPreparedStatement.execute(ProxyPreparedStatement.java:44)
11. INSERT INTO comment
        SET board_id = 213
            , user_id = 31
            , content = '123456789123456789'
 {executed in 3 msec}[0;39m
[2024-06-20 14:15:26 [32mDEBUG[0;39m http-nio-8080-exec-1] [jdbc.sqltiming] [36m com.zaxxer.hikari.pool.ProxyStatement.getGeneratedKeys(ProxyStatement.java:229)
11. getGeneratedKeys on query: INSERT INTO comment
        SET board_id = 213
            , user_id = 31
            , content = '123456789123456789'
 {executed in 0 msec}[0;39m
[2024-06-20 14:15:26 [32mINFO [0;39m http-nio-8080-exec-1] [jdbc.resultsettable] [36m
|----------|
|insert_id |
|----------|
|82        |
|----------|
[0;39m
[2024-06-20 14:15:26 [32mDEBUG[0;39m http-nio-8080-exec-1] [jdbc.sqltiming] [36m com.zaxxer.hikari.pool.ProxyPreparedStatement.execute(ProxyPreparedStatement.java:44)
11. SELECT title
        FROM board
        WHERE board_id = 213
 {executed in 0 msec}[0;39m
[2024-06-20 14:15:26 [32mINFO [0;39m http-nio-8080-exec-1] [jdbc.resultsettable] [36m
|----------|
|title     |
|----------|
|2번 캘린더 보드 |
|----------|
[0;39m
[2024-06-20 14:15:26 [32mDEBUG[0;39m http-nio-8080-exec-1] [jdbc.sqltiming] [36m com.zaxxer.hikari.pool.ProxyPreparedStatement.execute(ProxyPreparedStatement.java:44)
11. INSERT INTO notice
        SET calendar_id = 2
            , content = '''2번 캘린더 보드''에 새로운 댓글이 있습니다. : ''1234567891...'''
 {executed in 1 msec}[0;39m
[2024-06-20 14:15:26 [32mDEBUG[0;39m http-nio-8080-exec-1] [jdbc.sqltiming] [36m com.zaxxer.hikari.pool.ProxyStatement.getGeneratedKeys(ProxyStatement.java:229)
11. getGeneratedKeys on query: INSERT INTO notice
        SET calendar_id = 2
            , content = '''2번 캘린더 보드''에 새로운 댓글이 있습니다. : ''1234567891...'''
 {executed in 0 msec}[0;39m
[2024-06-20 14:15:26 [32mINFO [0;39m http-nio-8080-exec-1] [jdbc.resultsettable] [36m
|----------|
|insert_id |
|----------|
|1205      |
|----------|
[0;39m
[2024-06-20 14:15:26 [32mDEBUG[0;39m http-nio-8080-exec-1] [jdbc.sqltiming] [36m com.zaxxer.hikari.pool.ProxyPreparedStatement.execute(ProxyPreparedStatement.java:44)
11. SELECT user_id
        FROM calendar_user
        WHERE calendar_id = 2
 {executed in 1 msec}[0;39m
[2024-06-20 14:15:26 [32mINFO [0;39m http-nio-8080-exec-1] [jdbc.resultsettable] [36m
|--------|
|user_id |
|--------|
|1       |
|2       |
|8       |
|30      |
|31      |
|--------|
[0;39m
[2024-06-20 14:15:26 [32mDEBUG[0;39m http-nio-8080-exec-1] [jdbc.sqltiming] [36m com.zaxxer.hikari.pool.ProxyPreparedStatement.execute(ProxyPreparedStatement.java:44)
11. INSERT INTO notice_list
        SET notice_id = 1205
        , user_id = 1
 {executed in 1 msec}[0;39m
[2024-06-20 14:15:26 [32mDEBUG[0;39m http-nio-8080-exec-1] [jdbc.sqltiming] [36m com.zaxxer.hikari.pool.ProxyPreparedStatement.execute(ProxyPreparedStatement.java:44)
11. INSERT INTO notice_list
        SET notice_id = 1205
        , user_id = 2
 {executed in 1 msec}[0;39m
[2024-06-20 14:15:26 [32mDEBUG[0;39m http-nio-8080-exec-1] [jdbc.sqltiming] [36m com.zaxxer.hikari.pool.ProxyPreparedStatement.execute(ProxyPreparedStatement.java:44)
11. INSERT INTO notice_list
        SET notice_id = 1205
        , user_id = 8
 {executed in 1 msec}[0;39m
[2024-06-20 14:15:26 [32mDEBUG[0;39m http-nio-8080-exec-1] [jdbc.sqltiming] [36m com.zaxxer.hikari.pool.ProxyPreparedStatement.execute(ProxyPreparedStatement.java:44)
11. INSERT INTO notice_list
        SET notice_id = 1205
        , user_id = 30
 {executed in 1 msec}[0;39m
[2024-06-20 14:18:35 INFO  Test worker] [com.green.todo.TodoApplicationTests] Starting TodoApplicationTests using Java 17.0.10 with PID 18896 (started by Administrator in D:\youp\backEnd\todo)
[2024-06-20 14:18:35 INFO  Test worker] [com.green.todo.TodoApplicationTests] No active profile set, falling back to 1 default profile: "default"
[2024-06-20 14:18:36 INFO  Test worker] [org.springframework.data.repository.config.RepositoryConfigurationDelegate] Bootstrapping Spring Data JPA repositories in DEFAULT mode.
[2024-06-20 14:18:36 INFO  Test worker] [org.springframework.data.repository.config.RepositoryConfigurationDelegate] Finished Spring Data repository scanning in 8 ms. Found 0 JPA repository interfaces.
[2024-06-20 14:18:36 INFO  Test worker] [com.zaxxer.hikari.HikariDataSource] HikariPool-1 - Starting...
[2024-06-20 14:18:37 INFO  Test worker] [com.zaxxer.hikari.pool.HikariPool] HikariPool-1 - Added connection net.sf.log4jdbc.sql.jdbcapi.ConnectionSpy@5bd3ca3c
[2024-06-20 14:18:37 INFO  Test worker] [com.zaxxer.hikari.HikariDataSource] HikariPool-1 - Start completed.
[2024-06-20 14:18:37 INFO  Test worker] [org.hibernate.jpa.internal.util.LogHelper] HHH000204: Processing PersistenceUnitInfo [name: default]
[2024-06-20 14:18:37 INFO  Test worker] [org.hibernate.Version] HHH000412: Hibernate ORM core version 6.4.4.Final
[2024-06-20 14:18:37 INFO  Test worker] [org.hibernate.cache.internal.RegionFactoryInitiator] HHH000026: Second-level cache disabled
[2024-06-20 14:18:37 INFO  Test worker] [org.springframework.orm.jpa.persistenceunit.SpringPersistenceUnitInfo] No LoadTimeWeaver setup: ignoring JPA class transformer
[2024-06-20 14:18:37 DEBUG Test worker] [jdbc.sqltiming]  com.zaxxer.hikari.pool.ProxyStatement.executeQuery(ProxyStatement.java:110)
1. SELECT @@character_set_database, @@sql_mode
 {executed in 0 msec}
[2024-06-20 14:18:37 INFO  Test worker] [org.hibernate.engine.transaction.jta.platform.internal.JtaPlatformInitiator] HHH000489: No JTA platform available (set 'hibernate.transaction.jta.platform' to enable JTA platform integration)
[2024-06-20 14:18:37 INFO  Test worker] [org.springframework.orm.jpa.LocalContainerEntityManagerFactoryBean] Initialized JPA EntityManagerFactory for persistence unit 'default'
[2024-06-20 14:18:38 WARN  Test worker] [org.springframework.boot.autoconfigure.orm.jpa.JpaBaseConfiguration$JpaWebConfiguration] spring.jpa.open-in-view is enabled by default. Therefore, database queries may be performed during view rendering. Explicitly configure spring.jpa.open-in-view to disable this warning
[2024-06-20 14:18:38 INFO  Test worker] [org.springframework.boot.autoconfigure.web.servlet.WelcomePageHandlerMapping] Adding welcome page: class path resource [static/index.html]
[2024-06-20 14:18:38 INFO  Test worker] [org.springframework.boot.actuate.endpoint.web.EndpointLinksResolver] Exposing 1 endpoint(s) beneath base path '/actuator'
[2024-06-20 14:18:38 INFO  Test worker] [com.green.todo.TodoApplicationTests] Started TodoApplicationTests in 3.562 seconds (process running for 4.402)
[2024-06-20 14:18:39 INFO  SpringApplicationShutdownHook] [org.springframework.orm.jpa.LocalContainerEntityManagerFactoryBean] Closing JPA EntityManagerFactory for persistence unit 'default'
[2024-06-20 14:18:39 INFO  SpringApplicationShutdownHook] [com.zaxxer.hikari.HikariDataSource] HikariPool-1 - Shutdown initiated...
[2024-06-20 14:18:39 INFO  SpringApplicationShutdownHook] [com.zaxxer.hikari.HikariDataSource] HikariPool-1 - Shutdown completed.
[2024-06-20 14:21:09 [32mINFO [0;39m http-nio-8080-exec-6] [org.springdoc.api.AbstractOpenApiResource] [36mInit duration for springdoc-openapi is: 355 ms[0;39m
[2024-06-20 17:11:47 [32mINFO [0;39m http-nio-8080-exec-1] [org.springdoc.api.AbstractOpenApiResource] [36mInit duration for springdoc-openapi is: 163 ms[0;39m
